ForkJoinPool.commonPool-worker-29                  https://github.com/neuhq/asm-android-client-for-newsmth Checking out files:       46% (306/654)
RepoStats(path=/fat/simonegiacomelli/pub/WIP/simone-techdebt/projects-new/mtudury/yourandroidwebapp, commitCount=142, sizeMB=0)
ForkJoinPool.commonPool-worker-96                  https://github.com/rohithmacherla/WaterSource           Checking out files:       66% (614/918)
ForkJoinPool.commonPool-worker-19                  https://github.com/Vinetos/Hello-Music                  Checking out files:       76% (334/436)
ForkJoinPool.commonPool-worker-84                  https://github.com/eswaraj/android                      Checking out files:       82% ( 947/1151)
ForkJoinPool.commonPool-worker-77                  https://github.com/nutnnut/Wireless_Project_OPENUP      Checking out files:       95% (228/240)
ForkJoinPool.commonPool-worker-26                  https://github.com/namazu510/comicmarket_map_client     Checking out files:       99% (393/394)
ForkJoinPool.commonPool-worker-5                   https://github.com/JosephTsengD/androidbmi              Checking out files:       91% (1731/1883)
ForkJoinPool.commonPool-worker-2                   https://github.com/pylapp/SmoothClicker                 Checking out files:       44% (2215/5012)
ForkJoinPool.commonPool-worker-9                   https://github.com/ericywl/infosys                      Checking out files:       42% (271/637)
ForkJoinPool.commonPool-worker-59                  https://github.com/LexiLuo/Dr.Mind                      Checking out files:       10% ( 18/174)
ForkJoinPool.commonPool-worker-1                   https://github.com/benktesh/ud851-Exercises             Checking out files:       82% (3122/3804)
ForkJoinPool.commonPool-worker-6                   https://github.com/OakOnEll/DnDCharacter                Checking out files:       72% (1046/1445)
mtudury_yourandroidwebapp                          commit#:1/142 source#:0  satd#:0 satd/sec: 0.0 source/sec:0.0 mem:2709/7282 totRepos:14894/20966
ForkJoinPool.commonPool-worker-50                  https://github.com/artem-p/android-courses              Checking out files:        1% ( 125/8207)
ForkJoinPool.commonPool-worker-111                 https://github.com/rgauci/Track                         Checking out files:        0% (  1/199)
ForkJoinPool.commonPool-worker-26                  https://github.com/namazu510/comicmarket_map_client     Checking out files:      100% (394/394)
main                                               Cloning https://github.com/aymomeni/Tuber-Project
ForkJoinPool.commonPool-worker-91                  https://github.com/gabriellevan/andorsTrailClone        Checking out files:      100% (1233/1233)
main                                               exception on /fat/simonegiacomelli/pub/WIP/simone-techdebt/projects-new/aymomeni/Tuber-Project org.eclipse.jgit.errors.RepositoryNotFoundException: repository not found: /fat/simonegiacomelli/pub/WIP/simone-techdebt/projects-new/aymomeni/Tuber-Project
Exception in thread "main" org.eclipse.jgit.errors.RepositoryNotFoundException: repository not found: /fat/simonegiacomelli/pub/WIP/simone-techdebt/projects-new/mavak/android-notifier.oldsvn
        at org.eclipse.jgit.lib.BaseRepositoryBuilder.build(BaseRepositoryBuilder.java:614)
        at org.eclipse.jgit.api.Git.open(Git.java:124)
        at org.eclipse.jgit.api.Git.open(Git.java:104)
        at satd.utils.Repo.open(Repo.kt:80)
        at satd.utils.Repo.newGit(Repo.kt:21)
        at satd.step2.Find.<init>(Find.kt:23)
        at satd.step2.MainKt$main$5.apply(Main.kt:21)
        at satd.step2.MainKt$main$5.apply(Main.kt)
        at java.util.stream.ReferencePipeline$3$1.accept(ReferencePipeline.java:193)
        at java.util.stream.ReferencePipeline$2$1.accept(ReferencePipeline.java:175)
        at java.util.stream.ReferencePipeline$3$1.accept(ReferencePipeline.java:193)
        at java.util.Spliterators$ArraySpliterator.forEachRemaining(Spliterators.java:948)
        at java.util.stream.AbstractPipeline.copyInto(AbstractPipeline.java:481)
        at java.util.stream.AbstractPipeline.wrapAndCopyInto(AbstractPipeline.java:471)
        at java.util.stream.ReduceOps$ReduceTask.doLeaf(ReduceOps.java:747)
        at java.util.stream.ReduceOps$ReduceTask.doLeaf(ReduceOps.java:721)
        at java.util.stream.AbstractTask.compute(AbstractTask.java:316)
        at java.util.concurrent.CountedCompleter.exec(CountedCompleter.java:731)
        at java.util.concurrent.ForkJoinTask.doExec(ForkJoinTask.java:289)
        at java.util.concurrent.ForkJoinPool$WorkQueue.runTask(ForkJoinPool.java:1056)
        at java.util.concurrent.ForkJoinPool.runWorker(ForkJoinPool.java:1692)
        at java.util.concurrent.ForkJoinWorkerThread.run(ForkJoinWorkerThread.java:157)